$ flutter run --dart-define-from-file=dart-defines/debug-ip.json
Launching lib/main.dart on 2201116TG in debug mode...
Running Gradle task 'assembleDebug'...                             12,6s
✓ Built build/app/outputs/flutter-apk/app-debug.apk
Installing build/app/outputs/flutter-apk/app-debug.apk...           9,2s
D/FlutterJNI(24864): Beginning load of flutter...
D/FlutterJNI(24864): flutter (null) was loaded normally!
I/flutter (24864): [IMPORTANT:flutter/shell/platform/android/android_context_vk_impeller.cc(62)] Using the Impeller rendering backend (Vulkan).
D/FlutterRenderer(24864): Width is zero. 0,0
Syncing files to device 2201116TG...                               198ms

Flutter run key commands.
r Hot reload. 🔥🔥🔥
R Hot restart.
h List all available interactive commands.
d Detach (terminate "flutter run" but leave application running).
c Clear the screen
q Quit (terminate the application on the device).

A Dart VM Service on 2201116TG is available at:
http://127.0.0.1:33369/hZCHNtiYO1Q=/
The Flutter DevTools debugger and profiler on 2201116TG is available at:
http://127.0.0.1:33369/hZCHNtiYO1Q=/devtools/?uri=ws://127.0.0.1:33369/hZCH
NtiYO1Q=/ws
W/Looper  (24864): PerfMonitor looperActivity : package=com.bulldogtech.heatmapper/.MainActivity time=0ms latency=3973ms  procState=-1  historyMsgCount=2 (msgIndex=2 wall=1515ms seq=4 late=288ms h=android.app.ActivityThread$H w=159)
D/FramePredict(24864): FramePredict init: false
I/Choreographer(24864): Skipped 234 frames!  The application may be doing too much work on its main thread.
D/FlutterRenderer(24864): Width is zero. 0,0
D/BufferQueueConsumer(24864): [](id:612000000000,api:0,p:-1,c:24864) connect: controlledByApp=false
D/libMEOW (24864): meow new tls: 0xb40000771c802c40
D/libMEOW (24864): applied 1 plugins for [com.bulldogtech.heatmapper]:
D/libMEOW (24864):   plugin 1: [libMEOW_gift.so]: 0xb4000077a90fb8c0
D/libMEOW (24864): rebuild call chain: 0xb40000771c963a00
D/FlutterJNI(24864): Sending viewport metrics to the engine.
D/VRI[MainActivity](24864): vri.reportNextDraw android.view.ViewRootImpl.performTraversals:3953 android.view.ViewRootImpl.doTraversal:2674 android.view.ViewRootImpl$TraversalRunnable.run:9867 android.view.Choreographer$CallbackRecord.run:1431 android.view.Choreographer$CallbackRecord.run:1439 
D/SurfaceView(24864): UPDATE null, mIsCastMode = false
W/libc    (24864): Access denied finding property "vendor.migl.debug"
E/libMiGL (24864): libmigl:This GPU version is note support Variable Shading Rate
D/BufferQueueConsumer(24864): [](id:612000000001,api:0,p:-1,c:24864) connect: controlledByApp=false
E/libEGL  (24864): pre_cache appList: com.android.contacts,com.android.mms,com.android.settings,com.mi.android.globalFileexplorer,com.android.thememanager,com.miui.videoplayer,com.miui.weather2,com.xiaomi.calendar,com.miui.notes,com.miui.gallery,com.miui.securitycenter
E/gralloc4(24864): ERROR: Format allocation info not found for format: 38
E/gralloc4(24864): ERROR: Format allocation info not found for format: 0
E/gralloc4(24864): Invalid base format! req_base_format = 0x0, req_format = 0x38, type = 0x0
E/gralloc4(24864): ERROR: Unrecognized and/or unsupported format 0x38 and usage 0xb00
E/Gralloc4(24864): isSupported(1, 1, 56, 1, ...) failed with 5
E/GraphicBufferAllocator(24864): Failed to allocate (4 x 4) layerCount 1 format 56 usage b00: 5
E/AHardwareBuffer(24864): GraphicBuffer(w=4, h=4, lc=1) failed (Unknown error -5), handle=0x0
E/gralloc4(24864): ERROR: Format allocation info not found for format: 38
E/gralloc4(24864): ERROR: Format allocation info not found for format: 0
E/gralloc4(24864): Invalid base format! req_base_format = 0x0, req_format = 0x38, type = 0x0
E/gralloc4(24864): ERROR: Unrecognized and/or unsupported format 0x38 and usage 0xb00
E/Gralloc4(24864): isSupported(1, 1, 56, 1, ...) failed with 5
E/GraphicBufferAllocator(24864): Failed to allocate (4 x 4) layerCount 1 format 56 usage b00: 5
E/AHardwareBuffer(24864): GraphicBuffer(w=4, h=4, lc=1) failed (Unknown error -5), handle=0x0
W/libc    (24864): Access denied finding property "ro.vendor.magt.mtk_magt_support"
D/hw-ProcessState(24864): Binder ioctl to enable oneway spam detection failed: Invalid argument
I/tech.heatmapper(24864): Compiler allocated 5101KB to compile void android.view.ViewRootImpl.performTraversals()
W/Looper  (24864): PerfMonitor doFrame : time=115ms vsyncFrame=0 latency=3903ms procState=-1 historyMsgCount=3 (msgIndex=1 wall=1515ms seq=4 late=288ms h=android.app.ActivityThread$H w=159)
D/SurfaceView(24864): UPDATE Surface(name=SurfaceView[com.bulldogtech.heatmapper/com.bulldogtech.heatmapper.MainActivity])/@0xd65c5a3, mIsProjectionMode = false
D/FlutterJNI(24864): Sending viewport metrics to the engine.
W/libc    (24864): Access denied finding property "persist.vendor.debug.gpud.enable"
E/tech.heatmapper(24864): FI open fail: No such file or directory
W/libc    (24864): Access denied finding property "ro.vendor.display.iris_x7.support"
I/gralloc4(24864): @set_metadata: update dataspace from GM (0x08010000 -> 0x00000000)
W/libc    (24864): Access denied finding property "ro.vendor.display.iris_x7.support"
D/BLASTBufferQueue(24864): [SurfaceView[com.bulldogtech.heatmapper/com.bulldogtech.heatmapper.MainActivity]#1](f:0,a:1) acquireNextBufferLocked size=1080x2270 mFrameNumber=1 applyTransaction=true mTimestamp=57484391888424(auto) mPendingTransactions.size=0 graphicBufferId=106790066847754 transform=0
D/VRI[MainActivity](24864): vri.Setup new sync id=0 syncSeqId=0
I/gralloc4(24864): @set_metadata: update dataspace from GM (0x08010000 -> 0x00000000)
D/tech.heatmapper(24864): MiuiProcessManagerServiceStub setSchedFifo
I/MiuiProcessManagerImpl(24864): setSchedFifo pid:24864, mode:3
W/libc    (24864): Access denied finding property "ro.vendor.display.iris_x7.support"
E/libEGL  (24864): pre_cache appList: com.android.contacts,com.android.mms,com.android.settings,com.mi.android.globalFileexplorer,com.android.thememanager,com.miui.videoplayer,com.miui.weather2,com.xiaomi.calendar,com.miui.notes,com.miui.gallery,com.miui.securitycenter
D/BLASTBufferQueue(24864): [VRI[MainActivity]#0](f:0,a:1) acquireNextBufferLocked size=1080x2400 mFrameNumber=1 applyTransaction=true mTimestamp=57484436829347(auto) mPendingTransactions.size=0 graphicBufferId=106790066847762 transform=0
W/Parcel  (24864): Expecting binder but got null!
I/gralloc4(24864): @set_metadata: update dataspace from GM (0x08010000 -> 0x00000000)
D/VRI[MainActivity](24864): vri.reportDrawFinished syncSeqId=0 android.view.ViewRootImpl.lambda$createSyncIfNeeded$4$android-view-ViewRootImpl:4021 android.view.ViewRootImpl$$ExternalSyntheticLambda1.run:6 android.os.Handler.handleCallback:942 android.os.Handler.dispatchMessage:99 android.os.Looper.loopOnce:211 
W/OnBackInvokedCallback(24864): OnBackInvokedCallback is not enabled for the application.
W/OnBackInvokedCallback(24864): Set 'android:enableOnBackInvokedCallback="true"' in the application manifest.
I/gralloc4(24864): @set_metadata: update dataspace from GM (0x08010000 -> 0x00000000)
D/DecorView[](24864): onWindowFocusChanged hasWindowFocus true
I/HandWritingStubImpl(24864): refreshLastKeyboardType: 1
I/HandWritingStubImpl(24864): getCurrentKeyboardType: 1
I/gralloc4(24864): @set_metadata: update dataspace from GM (0x08010000 -> 0x00000000)
W/libc    (24864): Access denied finding property "ro.vendor.display.iris_x7.support"
I/HandWritingStubImpl(24864): getCurrentKeyboardType: 1
I/gralloc4(24864): @set_metadata: update dataspace from GM (0x08010000 -> 0x00000000)
D/FlutterJNI(24864): Sending viewport metrics to the engine.
I/gralloc4(24864): @set_metadata: update dataspace from GM (0x08010000 -> 0x00000000)
I/gralloc4(24864): @set_metadata: update dataspace from GM (0x08010000 -> 0x00000000)
W/MirrorManager(24864): this model don't Support
W/OnBackInvokedCallback(24864): OnBackInvokedCallback is not enabled for the application.
W/OnBackInvokedCallback(24864): Set 'android:enableOnBackInvokedCallback="true"' in the application manifest.
D/ProfileInstaller(24864): Installing profile for com.bulldogtech.heatmapper
W/OnBackInvokedCallback(24864): OnBackInvokedCallback is not enabled for the application.
W/OnBackInvokedCallback(24864): Set 'android:enableOnBackInvokedCallback="true"' in the application manifest.
W/OnBackInvokedCallback(24864): OnBackInvokedCallback is not enabled for the application.
W/OnBackInvokedCallback(24864): Set 'android:enableOnBackInvokedCallback="true"' in the application manifest.

══╡ EXCEPTION CAUGHT BY WIDGETS LIBRARY
╞═══════════════════════════════════════════════════════════
The following ProviderNotFoundException was thrown building
NotificationListener<DraggableScrollableNotification>:
Error: Could not find the correct Provider<HeatmapCubit> above this
BlocBuilder<HeatmapCubit,
HeatmapState> Widget

This happens because you used a `BuildContext` that does not include the
provider
of your choice. There are a few common scenarios:

- You added a new provider in your `main.dart` and performed a hot-reload.
  To fix, perform a hot-restart.

- The provider you are trying to read is in a different route.

  Providers are "scoped". So if you insert of provider inside a route, then
  other routes will not be able to access that provider.

- You used a `BuildContext` that is an ancestor of the provider you are
trying to read.

  Make sure that BlocBuilder<HeatmapCubit, HeatmapState> is under your
MultiProvider/Provider<HeatmapCubit>.
  This usually happens when you are creating a provider and trying to read
  it immediately.

  For example, instead of:

  ```
  Widget build(BuildContext context) {
    return Provider<Example>(
      create: (_) => Example(),
      // Will throw a ProviderNotFoundError, because `context` is
      associated
      // to the widget that is the parent of `Provider<Example>`
      child: Text(context.watch<Example>().toString()),
    );
  }
  ```

  consider using `builder` like so:

  ```
  Widget build(BuildContext context) {
    return Provider<Example>(
      create: (_) => Example(),
      // we use `builder` to obtain a new `BuildContext` that has access to
      the provider
      builder: (context, child) {
        // No longer throws
        return Text(context.watch<Example>().toString());
      }
    );
  }
  ```

If none of these solutions work, consider asking for help on StackOverflow:
https://stackoverflow.com/questions/tagged/flutter

The relevant error-causing widget was:
  Navigator-[LabeledGlobalKey<NavigatorState>#376bb root]
  Navigator:file:///home/bquiroga/.pub-cache/hosted/pub.dev/go_router-17.2.
  2/lib/src/builder.dart:459:16

When the exception was thrown, this was the stack:
#0      Provider._inheritedElementOf
(package:provider/src/provider.dart:377:7)
#1      Provider.of (package:provider/src/provider.dart:327:30)
#2      ReadContext.read (package:provider/src/provider.dart:683:21)
#3      _BlocBuilderBaseState.initState
(package:flutter_bloc/src/bloc_builder.dart:152:36)
#4      StatefulElement._firstBuild
(package:flutter/src/widgets/framework.dart:5950:55)
#5      ComponentElement.mount
(package:flutter/src/widgets/framework.dart:5793:5)
...     Normal element mounting (4 frames)
#9      Element.inflateWidget
(package:flutter/src/widgets/framework.dart:4587:20)
#10     MultiChildRenderObjectElement.inflateWidget
(package:flutter/src/widgets/framework.dart:7264:36)
#11     MultiChildRenderObjectElement.mount
(package:flutter/src/widgets/framework.dart:7279:32)
...     Normal element mounting (312 frames)
#323    Element.inflateWidget
(package:flutter/src/widgets/framework.dart:4587:20)
#324    MultiChildRenderObjectElement.inflateWidget
(package:flutter/src/widgets/framework.dart:7264:36)
#325    Element.updateChild
(package:flutter/src/widgets/framework.dart:4059:18)
#326    Element.updateChildren
(package:flutter/src/widgets/framework.dart:4255:32)
#327    MultiChildRenderObjectElement.update
(package:flutter/src/widgets/framework.dart:7295:17)
#328    Element.updateChild
(package:flutter/src/widgets/framework.dart:4037:15)
#329    ComponentElement.performRebuild
(package:flutter/src/widgets/framework.dart:5841:16)
#330    StatefulElement.performRebuild
(package:flutter/src/widgets/framework.dart:5982:11)
#331    Element.rebuild (package:flutter/src/widgets/framework.dart:5529:7)
#332    StatefulElement.update
(package:flutter/src/widgets/framework.dart:6007:5)
#333    Element.updateChild
(package:flutter/src/widgets/framework.dart:4037:15)
#334    ComponentElement.performRebuild
(package:flutter/src/widgets/framework.dart:5841:16)
#335    Element.rebuild (package:flutter/src/widgets/framework.dart:5529:7)
#336    ProxyElement.update
(package:flutter/src/widgets/framework.dart:6149:5)
#337    Element.updateChild
(package:flutter/src/widgets/framework.dart:4037:15)
#338    ComponentElement.performRebuild
(package:flutter/src/widgets/framework.dart:5841:16)
#339    Element.rebuild (package:flutter/src/widgets/framework.dart:5529:7)
#340    ProxyElement.update
(package:flutter/src/widgets/framework.dart:6149:5)
#341    _InheritedNotifierElement.update
(package:flutter/src/widgets/inherited_notifier.dart:108:11)
#342    Element.updateChild
(package:flutter/src/widgets/framework.dart:4037:15)
#343    ComponentElement.performRebuild
(package:flutter/src/widgets/framework.dart:5841:16)
#344    StatefulElement.performRebuild
(package:flutter/src/widgets/framework.dart:5982:11)
#345    Element.rebuild (package:flutter/src/widgets/framework.dart:5529:7)
#346    StatefulElement.update
(package:flutter/src/widgets/framework.dart:6007:5)
#347    Element.updateChild
(package:flutter/src/widgets/framework.dart:4037:15)
#348    ComponentElement.performRebuild
(package:flutter/src/widgets/framework.dart:5841:16)
#349    Element.rebuild (package:flutter/src/widgets/framework.dart:5529:7)
#350    ProxyElement.update
(package:flutter/src/widgets/framework.dart:6149:5)
#351    _InheritedNotifierElement.update
(package:flutter/src/widgets/inherited_notifier.dart:108:11)
#352    Element.updateChild
(package:flutter/src/widgets/framework.dart:4037:15)
#353    ComponentElement.performRebuild
(package:flutter/src/widgets/framework.dart:5841:16)
#354    StatefulElement.performRebuild
(package:flutter/src/widgets/framework.dart:5982:11)
#355    Element.rebuild (package:flutter/src/widgets/framework.dart:5529:7)
#356    StatefulElement.update
(package:flutter/src/widgets/framework.dart:6007:5)
#357    Element.updateChild
(package:flutter/src/widgets/framework.dart:4037:15)
#358    ComponentElement.performRebuild
(package:flutter/src/widgets/framework.dart:5841:16)
#359    StatefulElement.performRebuild
(package:flutter/src/widgets/framework.dart:5982:11)
#360    Element.rebuild (package:flutter/src/widgets/framework.dart:5529:7)
#361    StatefulElement.update
(package:flutter/src/widgets/framework.dart:6007:5)
#362    Element.updateChild
(package:flutter/src/widgets/framework.dart:4037:15)
#363    SingleChildRenderObjectElement.update
(package:flutter/src/widgets/framework.dart:7122:14)
#364    Element.updateChild
(package:flutter/src/widgets/framework.dart:4037:15)
#365    SingleChildRenderObjectElement.update
(package:flutter/src/widgets/framework.dart:7122:14)
#366    Element.updateChild
(package:flutter/src/widgets/framework.dart:4037:15)
#367    ComponentElement.performRebuild
(package:flutter/src/widgets/framework.dart:5841:16)
#368    Element.rebuild (package:flutter/src/widgets/framework.dart:5529:7)
#369    ProxyElement.update
(package:flutter/src/widgets/framework.dart:6149:5)
#370    Element.updateChild
(package:flutter/src/widgets/framework.dart:4037:15)
#371    ComponentElement.performRebuild
(package:flutter/src/widgets/framework.dart:5841:16)
#372    Element.rebuild (package:flutter/src/widgets/framework.dart:5529:7)
#373    ProxyElement.update
(package:flutter/src/widgets/framework.dart:6149:5)
#374    Element.updateChild
(package:flutter/src/widgets/framework.dart:4037:15)
#375    ComponentElement.performRebuild
(package:flutter/src/widgets/framework.dart:5841:16)
#376    StatefulElement.performRebuild
(package:flutter/src/widgets/framework.dart:5982:11)
#377    Element.rebuild (package:flutter/src/widgets/framework.dart:5529:7)
#378    BuildScope._tryRebuild
(package:flutter/src/widgets/framework.dart:2750:15)
#379    BuildScope._flushDirtyElements
(package:flutter/src/widgets/framework.dart:2807:11)
#380    BuildOwner.buildScope
(package:flutter/src/widgets/framework.dart:3111:18)
#381    WidgetsBinding.drawFrame
(package:flutter/src/widgets/binding.dart:1302:21)
#382    RendererBinding._handlePersistentFrameCallback
(package:flutter/src/rendering/binding.dart:495:5)
#383    SchedulerBinding._invokeFrameCallback
(package:flutter/src/scheduler/binding.dart:1430:15)
#384    SchedulerBinding.handleDrawFrame
(package:flutter/src/scheduler/binding.dart:1345:9)
#385    SchedulerBinding._handleDrawFrame
(package:flutter/src/scheduler/binding.dart:1198:5)
#386    _invoke (dart:ui/hooks.dart:356:13)
#387    PlatformDispatcher._drawFrame
(dart:ui/platform_dispatcher.dart:444:5)
#388    _drawFrame (dart:ui/hooks.dart:328:31)

═══════════════════════════════════════════════════════════════════════════
═════════════════════════