$ flutter run --dart-define-from-file=dart-defines/debug-ip.json
Launching lib/main.dart on 2201116TG in debug mode...
WARNING: Your Android app project: app located at: /home/bquiroga/Documentos/dev/taller/proyecto-final/mobile/android/app/build.gradle.kts
applies the Kotlin Gradle Plugin, which will cause build failures in future versions of Flutter. 
Please migrate your app to Built-in Kotlin using this guide: https://docs.flutter.dev/release/breaking-changes/migrate-to-built-in-kotlin/for-app-developers

WARNING: Your app uses the following plugins that apply Kotlin Gradle Plugin (KGP): file_picker, pdfx, wifi_scan
Future versions of Flutter will fail to build if your app uses plugins that apply KGP.

Please check the changelogs of these plugins and upgrade to a version that supports Built-in Kotlin.
If no such version exists, report the issue to the plugin. If necessary, here is a guide on filing 
an issue against a plugin: https://docs.flutter.dev/release/breaking-changes/migrate-to-built-in-kotlin/for-app-developers#report-incompatible-kotlin-gradle-plugin-usage-to-plugin-authors

If you are a plugin author, please migrate your plugin to Built-in Kotlin using this guide: https://docs.flutter.dev/release/breaking-changes/migrate-to-built-in-kotlin/for-plugin-authors
Running Gradle task 'assembleDebug'...                             17,2s
✓ Built build/app/outputs/flutter-apk/app-debug.apk
Installing build/app/outputs/flutter-apk/app-debug.apk...          19,4s
I/FlutterActivityAndFragmentDelegate(31575): If you are attempting to set --enable-dart-profiling via Intent extras to launch a Flutter component outside of using the Flutter CLI, note that support for setting engine flags on Android via Intent will soon be dropped; see https://github.com/flutter/flutter/issues/180686 for more information on this breaking change. To migrate, set --enable-dart-profiling or any other flags specified via Intent extras on the command line instead or see https://github.com/flutter/flutter/blob/main/docs/engine/Flutter-Android-Engine-Flags.md for alternative methods.
D/FlutterJNI(31575): Beginning load of flutter...
D/FlutterJNI(31575): flutter (null) was loaded normally!
I/flutter (31575): [IMPORTANT:flutter/shell/platform/android/android_context_vk_impeller.cc(62)] Using the Impeller rendering backend (Vulkan).
D/FlutterRenderer(31575): Width is zero. 0,0
Syncing files to device 2201116TG...                               150ms

Flutter run key commands.
r Hot reload. 🔥🔥🔥
R Hot restart.
h List all available interactive commands.
d Detach (terminate "flutter run" but leave application running).
c Clear the screen
q Quit (terminate the application on the device).

A Dart VM Service on 2201116TG is available at:
http://127.0.0.1:46763/enEehcVZAGU=/
The Flutter DevTools debugger and profiler on 2201116TG is available at:
http://127.0.0.1:46763/enEehcVZAGU=/devtools/?uri=ws://127.0.0.1:46763/enEe
hcVZAGU=/ws
W/Looper  (31575): PerfMonitor looperActivity : package=com.bulldogtech.heatmapper/.MainActivity time=0ms latency=4028ms  procState=-1  historyMsgCount=2 (msgIndex=2 wall=1792ms seq=4 late=299ms h=android.app.ActivityThread$H w=159)
D/FramePredict(31575): FramePredict init: false
I/Choreographer(31575): Skipped 238 frames!  The application may be doing too much work on its main thread.
D/FlutterRenderer(31575): Width is zero. 0,0
D/BufferQueueConsumer(31575): [](id:7b5700000000,api:0,p:-1,c:31575) connect: controlledByApp=false
D/libMEOW (31575): meow new tls: 0xb40000771c6ec040
D/libMEOW (31575): applied 1 plugins for [com.bulldogtech.heatmapper]:
D/libMEOW (31575):   plugin 1: [libMEOW_gift.so]: 0xb4000077a90fb8c0
D/libMEOW (31575): rebuild call chain: 0xb40000771c6fb000
D/FlutterJNI(31575): Sending viewport metrics to the engine.
D/VRI[MainActivity](31575): vri.reportNextDraw android.view.ViewRootImpl.performTraversals:3953 android.view.ViewRootImpl.doTraversal:2674 android.view.ViewRootImpl$TraversalRunnable.run:9867 android.view.Choreographer$CallbackRecord.run:1431 android.view.Choreographer$CallbackRecord.run:1439 
D/SurfaceView(31575): UPDATE null, mIsCastMode = false
W/libc    (31575): Access denied finding property "vendor.migl.debug"
E/libMiGL (31575): libmigl:This GPU version is note support Variable Shading Rate
D/BufferQueueConsumer(31575): [](id:7b5700000001,api:0,p:-1,c:31575) connect: controlledByApp=false
E/libEGL  (31575): pre_cache appList: com.android.contacts,com.android.mms,com.android.settings,com.mi.android.globalFileexplorer,com.android.thememanager,com.miui.videoplayer,com.miui.weather2,com.xiaomi.calendar,com.miui.notes,com.miui.gallery,com.miui.securitycenter
I/tech.heatmapper(31575): Compiler allocated 5101KB to compile void android.view.ViewRootImpl.performTraversals()
E/gralloc4(31575): ERROR: Format allocation info not found for format: 38
E/gralloc4(31575): ERROR: Format allocation info not found for format: 0
E/gralloc4(31575): Invalid base format! req_base_format = 0x0, req_format = 0x38, type = 0x0
E/gralloc4(31575): ERROR: Unrecognized and/or unsupported format 0x38 and usage 0xb00
E/Gralloc4(31575): isSupported(1, 1, 56, 1, ...) failed with 5
E/GraphicBufferAllocator(31575): Failed to allocate (4 x 4) layerCount 1 format 56 usage b00: 5
E/AHardwareBuffer(31575): GraphicBuffer(w=4, h=4, lc=1) failed (Unknown error -5), handle=0x0
E/gralloc4(31575): ERROR: Format allocation info not found for format: 38
E/gralloc4(31575): ERROR: Format allocation info not found for format: 0
E/gralloc4(31575): Invalid base format! req_base_format = 0x0, req_format = 0x38, type = 0x0
E/gralloc4(31575): ERROR: Unrecognized and/or unsupported format 0x38 and usage 0xb00
E/Gralloc4(31575): isSupported(1, 1, 56, 1, ...) failed with 5
E/GraphicBufferAllocator(31575): Failed to allocate (4 x 4) layerCount 1 format 56 usage b00: 5
E/AHardwareBuffer(31575): GraphicBuffer(w=4, h=4, lc=1) failed (Unknown error -5), handle=0x0
W/libc    (31575): Access denied finding property "ro.vendor.magt.mtk_magt_support"
D/hw-ProcessState(31575): Binder ioctl to enable oneway spam detection failed: Invalid argument
W/Looper  (31575): PerfMonitor longMsg : seq=7 plan=23:13:58.842 late=3969ms wall=1622ms h=android.view.Choreographer$FrameHandler c=android.view.Choreographer$FrameDisplayEventReceiver procState=-1
W/Looper  (31575): PerfMonitor doFrame : time=1622ms vsyncFrame=0 latency=3969ms procState=-1 historyMsgCount=3 (msgIndex=1 wall=1792ms seq=4 late=299ms h=android.app.ActivityThread$H w=159)
I/Choreographer(31575): Skipped 103 frames!  The application may be doing too much work on its main thread.
D/SurfaceView(31575): UPDATE Surface(name=SurfaceView[com.bulldogtech.heatmapper/com.bulldogtech.heatmapper.MainActivity])/@0x2a43459, mIsProjectionMode = false
W/Looper  (31575): PerfMonitor doFrame : time=2ms vsyncFrame=0 latency=1731ms procState=-1 historyMsgCount=13 (msgIndex=1 wall=1622ms seq=7 late=3969ms h=android.view.Choreographer$FrameHandler c=android.view.Choreographer$FrameDisplayEventReceiver)
D/FlutterJNI(31575): Sending viewport metrics to the engine.
W/libc    (31575): Access denied finding property "persist.vendor.debug.gpud.enable"
E/tech.heatmapper(31575): FI open fail: No such file or directory
W/libc    (31575): Access denied finding property "ro.vendor.display.iris_x7.support"
I/gralloc4(31575): @set_metadata: update dataspace from GM (0x08010000 -> 0x00000000)
W/libc    (31575): Access denied finding property "ro.vendor.display.iris_x7.support"
D/BLASTBufferQueue(31575): [SurfaceView[com.bulldogtech.heatmapper/com.bulldogtech.heatmapper.MainActivity]#1](f:0,a:1) acquireNextBufferLocked size=1080x2270 mFrameNumber=1 applyTransaction=true mTimestamp=109150343917350(auto) mPendingTransactions.size=0 graphicBufferId=135613592371210 transform=0
I/gralloc4(31575): @set_metadata: update dataspace from GM (0x08010000 -> 0x00000000)
D/VRI[MainActivity](31575): vri.Setup new sync id=0 syncSeqId=0
D/tech.heatmapper(31575): MiuiProcessManagerServiceStub setSchedFifo
I/MiuiProcessManagerImpl(31575): setSchedFifo pid:31575, mode:3
W/libc    (31575): Access denied finding property "ro.vendor.display.iris_x7.support"
E/libEGL  (31575): pre_cache appList: com.android.contacts,com.android.mms,com.android.settings,com.mi.android.globalFileexplorer,com.android.thememanager,com.miui.videoplayer,com.miui.weather2,com.xiaomi.calendar,com.miui.notes,com.miui.gallery,com.miui.securitycenter
D/BLASTBufferQueue(31575): [VRI[MainActivity]#0](f:0,a:1) acquireNextBufferLocked size=1080x2400 mFrameNumber=1 applyTransaction=true mTimestamp=109150430513965(auto) mPendingTransactions.size=0 graphicBufferId=135613592371218 transform=0
W/Parcel  (31575): Expecting binder but got null!
I/gralloc4(31575): @set_metadata: update dataspace from GM (0x08010000 -> 0x00000000)
D/VRI[MainActivity](31575): vri.reportDrawFinished syncSeqId=0 android.view.ViewRootImpl.lambda$createSyncIfNeeded$4$android-view-ViewRootImpl:4021 android.view.ViewRootImpl$$ExternalSyntheticLambda1.run:6 android.os.Handler.handleCallback:942 android.os.Handler.dispatchMessage:99 android.os.Looper.loopOnce:211 
I/gralloc4(31575): @set_metadata: update dataspace from GM (0x08010000 -> 0x00000000)
W/OnBackInvokedCallback(31575): OnBackInvokedCallback is not enabled for the application.
W/OnBackInvokedCallback(31575): Set 'android:enableOnBackInvokedCallback="true"' in the application manifest.
D/DecorView[](31575): onWindowFocusChanged hasWindowFocus true
I/HandWritingStubImpl(31575): refreshLastKeyboardType: 1
I/HandWritingStubImpl(31575): getCurrentKeyboardType: 1
I/HandWritingStubImpl(31575): getCurrentKeyboardType: 1
W/libc    (31575): Access denied finding property "ro.vendor.display.iris_x7.support"
I/gralloc4(31575): @set_metadata: update dataspace from GM (0x08010000 -> 0x00000000)
I/gralloc4(31575): @set_metadata: update dataspace from GM (0x08010000 -> 0x00000000)
D/FlutterJNI(31575): Sending viewport metrics to the engine.
I/gralloc4(31575): @set_metadata: update dataspace from GM (0x08010000 -> 0x00000000)
I/gralloc4(31575): @set_metadata: update dataspace from GM (0x08010000 -> 0x00000000)
W/MirrorManager(31575): this model don't Support
D/ProfileInstaller(31575): Installing profile for com.bulldogtech.heatmapper
W/OnBackInvokedCallback(31575): OnBackInvokedCallback is not enabled for the application.
W/OnBackInvokedCallback(31575): Set 'android:enableOnBackInvokedCallback="true"' in the application manifest.
W/OnBackInvokedCallback(31575): OnBackInvokedCallback is not enabled for the application.
W/OnBackInvokedCallback(31575): Set 'android:enableOnBackInvokedCallback="true"' in the application manifest.