$ flutter run --dart-define-from-file=dart-defines/debug-ip.json
Launching lib/main.dart on 2201116TG in debug mode...
WARNING: Your Android app project: app located at: /home/bquiroga/Documentos/dev/taller/proyecto-final/mobile/android/app/build.gradle.kts
applies the Kotlin Gradle Plugin, which will cause build failures in future versions of Flutter. 
Please migrate your app to Built-in Kotlin using this guide: https://docs.flutter.dev/release/breaking-changes/migrate-to-built-in-kotlin/for-app-developers

WARNING: Your app uses the following plugins that apply Kotlin Gradle Plugin (KGP): file_picker, pdfx, wifi_scan
Future versions of Flutter will fail to build if your app uses plugins that apply KGP.

Please check the changelogs of these plugins and upgrade to a version that supports Built-in Kotlin.
If no such version exists, report the issue to the plugin. If necessary, here is a guide on filing 
an issue against a plugin: https://docs.flutter.dev/release/breaking-changes/migrate-to-built-in-kotlin/for-app-developers#report-incompatible-kotlin-gradle-plugin-usage-to-plugin-authors

If you are a plugin author, please migrate your plugin to Built-in Kotlin using this guide: https://docs.flutter.dev/release/breaking-changes/migrate-to-built-in-kotlin/for-plugin-authors
Running Gradle task 'assembleDebug'...                              4,9s
✓ Built build/app/outputs/flutter-apk/app-debug.apk
Installing build/app/outputs/flutter-apk/app-debug.apk...           4,6s
I/FlutterActivityAndFragmentDelegate(14515): If you are attempting to set --enable-dart-profiling via Intent extras to launch a Flutter component outside of using the Flutter CLI, note that support for setting engine flags on Android via Intent will soon be dropped; see https://github.com/flutter/flutter/issues/180686 for more information on this breaking change. To migrate, set --enable-dart-profiling or any other flags specified via Intent extras on the command line instead or see https://github.com/flutter/flutter/blob/main/docs/engine/Flutter-Android-Engine-Flags.md for alternative methods.
D/FlutterJNI(14515): Beginning load of flutter...
D/FlutterJNI(14515): flutter (null) was loaded normally!
I/flutter (14515): [IMPORTANT:flutter/shell/platform/android/android_context_vk_impeller.cc(62)] Using the Impeller rendering backend (Vulkan).
D/FlutterRenderer(14515): Width is zero. 0,0
Syncing files to device 2201116TG...                               128ms

Flutter run key commands.
r Hot reload. 🔥🔥🔥
R Hot restart.
h List all available interactive commands.
d Detach (terminate "flutter run" but leave application running).
c Clear the screen
q Quit (terminate the application on the device).

A Dart VM Service on 2201116TG is available at:
http://127.0.0.1:37061/kBP2t2M3bto=/
The Flutter DevTools debugger and profiler on 2201116TG is available at:
http://127.0.0.1:37061/kBP2t2M3bto=/devtools/?uri=ws://127.0.0.1:37061/kBP
2t2M3bto=/ws
W/Looper  (14515): PerfMonitor looperActivity : package=com.bulldogtech.heatmapper/.MainActivity time=0ms latency=3928ms  procState=-1  historyMsgCount=3 (msgIndex=3 wall=1602ms seq=4 late=321ms h=android.app.ActivityThread$H w=159)
D/FramePredict(14515): FramePredict init: false
I/Choreographer(14515): Skipped 230 frames!  The application may be doing too much work on its main thread.
D/FlutterRenderer(14515): Width is zero. 0,0
D/BufferQueueConsumer(14515): [](id:38b300000000,api:0,p:-1,c:14515) connect: controlledByApp=false
D/FlutterJNI(14515): Sending viewport metrics to the engine.
D/libMEOW (14515): meow new tls: 0xb40000771b1c6e80
D/libMEOW (14515): applied 1 plugins for [com.bulldogtech.heatmapper]:
D/libMEOW (14515):   plugin 1: [libMEOW_gift.so]: 0xb4000077a90fb8c0
D/libMEOW (14515): rebuild call chain: 0xb40000771b1d5a40
D/VRI[MainActivity](14515): vri.reportNextDraw android.view.ViewRootImpl.performTraversals:3953 android.view.ViewRootImpl.doTraversal:2674 android.view.ViewRootImpl$TraversalRunnable.run:9867 android.view.Choreographer$CallbackRecord.run:1431 android.view.Choreographer$CallbackRecord.run:1439 
D/SurfaceView(14515): UPDATE null, mIsCastMode = false
D/BufferQueueConsumer(14515): [](id:38b300000001,api:0,p:-1,c:14515) connect: controlledByApp=false
W/libc    (14515): Access denied finding property "vendor.migl.debug"
E/libMiGL (14515): libmigl:This GPU version is note support Variable Shading Rate
E/libEGL  (14515): pre_cache appList: com.android.contacts,com.android.mms,com.android.settings,com.mi.android.globalFileexplorer,com.android.thememanager,com.miui.videoplayer,com.miui.weather2,com.xiaomi.calendar,com.miui.notes,com.miui.gallery,com.miui.securitycenter
E/gralloc4(14515): ERROR: Format allocation info not found for format: 38
E/gralloc4(14515): ERROR: Format allocation info not found for format: 0
E/gralloc4(14515): Invalid base format! req_base_format = 0x0, req_format = 0x38, type = 0x0
E/gralloc4(14515): ERROR: Unrecognized and/or unsupported format 0x38 and usage 0xb00
E/Gralloc4(14515): isSupported(1, 1, 56, 1, ...) failed with 5
I/tech.heatmapper(14515): Compiler allocated 5101KB to compile void android.view.ViewRootImpl.performTraversals()
E/GraphicBufferAllocator(14515): Failed to allocate (4 x 4) layerCount 1 format 56 usage b00: 5
E/AHardwareBuffer(14515): GraphicBuffer(w=4, h=4, lc=1) failed (Unknown error -5), handle=0x0
E/gralloc4(14515): ERROR: Format allocation info not found for format: 38
E/gralloc4(14515): ERROR: Format allocation info not found for format: 0
E/gralloc4(14515): Invalid base format! req_base_format = 0x0, req_format = 0x38, type = 0x0
E/gralloc4(14515): ERROR: Unrecognized and/or unsupported format 0x38 and usage 0xb00
E/Gralloc4(14515): isSupported(1, 1, 56, 1, ...) failed with 5
E/GraphicBufferAllocator(14515): Failed to allocate (4 x 4) layerCount 1 format 56 usage b00: 5
E/AHardwareBuffer(14515): GraphicBuffer(w=4, h=4, lc=1) failed (Unknown error -5), handle=0x0
W/libc    (14515): Access denied finding property "ro.vendor.magt.mtk_magt_support"
D/hw-ProcessState(14515): Binder ioctl to enable oneway spam detection failed: Invalid argument
W/Looper  (14515): PerfMonitor doFrame : time=115ms vsyncFrame=0 latency=3844ms procState=-1 historyMsgCount=3 (msgIndex=1 wall=1602ms seq=4 late=321ms h=android.app.ActivityThread$H w=159)
D/SurfaceView(14515): UPDATE Surface(name=SurfaceView[com.bulldogtech.heatmapper/com.bulldogtech.heatmapper.MainActivity])/@0x2a43459, mIsProjectionMode = false
D/FlutterJNI(14515): Sending viewport metrics to the engine.
W/libc    (14515): Access denied finding property "persist.vendor.debug.gpud.enable"
E/tech.heatmapper(14515): FI open fail: No such file or directory
W/libc    (14515): Access denied finding property "ro.vendor.display.iris_x7.support"
I/gralloc4(14515): @set_metadata: update dataspace from GM (0x08010000 -> 0x00000000)
W/libc    (14515): Access denied finding property "ro.vendor.display.iris_x7.support"
D/BLASTBufferQueue(14515): [SurfaceView[com.bulldogtech.heatmapper/com.bulldogtech.heatmapper.MainActivity]#1](f:0,a:1) acquireNextBufferLocked size=1080x2270 mFrameNumber=1 applyTransaction=true mTimestamp=117051198646128(auto) mPendingTransactions.size=0 graphicBufferId=62341450301450 transform=0
I/gralloc4(14515): @set_metadata: update dataspace from GM (0x08010000 -> 0x00000000)
D/VRI[MainActivity](14515): vri.Setup new sync id=0 syncSeqId=0
D/tech.heatmapper(14515): MiuiProcessManagerServiceStub setSchedFifo
I/MiuiProcessManagerImpl(14515): setSchedFifo pid:14515, mode:3
W/libc    (14515): Access denied finding property "ro.vendor.display.iris_x7.support"
E/libEGL  (14515): pre_cache appList: com.android.contacts,com.android.mms,com.android.settings,com.mi.android.globalFileexplorer,com.android.thememanager,com.miui.videoplayer,com.miui.weather2,com.xiaomi.calendar,com.miui.notes,com.miui.gallery,com.miui.securitycenter
D/BLASTBufferQueue(14515): [VRI[MainActivity]#0](f:0,a:1) acquireNextBufferLocked size=1080x2400 mFrameNumber=1 applyTransaction=true mTimestamp=117051242737513(auto) mPendingTransactions.size=0 graphicBufferId=62341450301458 transform=0
W/Parcel  (14515): Expecting binder but got null!
I/gralloc4(14515): @set_metadata: update dataspace from GM (0x08010000 -> 0x00000000)
D/VRI[MainActivity](14515): vri.reportDrawFinished syncSeqId=0 android.view.ViewRootImpl.lambda$createSyncIfNeeded$4$android-view-ViewRootImpl:4021 android.view.ViewRootImpl$$ExternalSyntheticLambda1.run:6 android.os.Handler.handleCallback:942 android.os.Handler.dispatchMessage:99 android.os.Looper.loopOnce:211 
I/gralloc4(14515): @set_metadata: update dataspace from GM (0x08010000 -> 0x00000000)
W/OnBackInvokedCallback(14515): OnBackInvokedCallback is not enabled for the application.
W/OnBackInvokedCallback(14515): Set 'android:enableOnBackInvokedCallback="true"' in the application manifest.
I/gralloc4(14515): @set_metadata: update dataspace from GM (0x08010000 -> 0x00000000)
D/DecorView[](14515): onWindowFocusChanged hasWindowFocus true
I/HandWritingStubImpl(14515): refreshLastKeyboardType: 1
I/HandWritingStubImpl(14515): getCurrentKeyboardType: 1
I/gralloc4(14515): @set_metadata: update dataspace from GM (0x08010000 -> 0x00000000)
W/libc    (14515): Access denied finding property "ro.vendor.display.iris_x7.support"
I/gralloc4(14515): @set_metadata: update dataspace from GM (0x08010000 -> 0x00000000)
I/HandWritingStubImpl(14515): getCurrentKeyboardType: 1
I/gralloc4(14515): @set_metadata: update dataspace from GM (0x08010000 -> 0x00000000)
D/FlutterJNI(14515): Sending viewport metrics to the engine.
W/MirrorManager(14515): this model don't Support
W/OnBackInvokedCallback(14515): OnBackInvokedCallback is not enabled for the application.
W/OnBackInvokedCallback(14515): Set 'android:enableOnBackInvokedCallback="true"' in the application manifest.
D/ProfileInstaller(14515): Installing profile for com.bulldogtech.heatmapper
W/OnBackInvokedCallback(14515): OnBackInvokedCallback is not enabled for the application.
W/OnBackInvokedCallback(14515): Set 'android:enableOnBackInvokedCallback="true"' in the application manifest.
W/OnBackInvokedCallback(14515): OnBackInvokedCallback is not enabled for the application.
W/OnBackInvokedCallback(14515): Set 'android:enableOnBackInvokedCallback="true"' in the application manifest.
I/ScrollIdentify(14515): on fling
W/OnBackInvokedCallback(14515): OnBackInvokedCallback is not enabled for the application.
W/OnBackInvokedCallback(14515): Set 'android:enableOnBackInvokedCallback="true"' in the application manifest.
W/OnBackInvokedCallback(14515): OnBackInvokedCallback is not enabled for the application.
W/OnBackInvokedCallback(14515): Set 'android:enableOnBackInvokedCallback="true"' in the application manifest.