$ flutter run --dart-define-from-file=dart-defines/debug-ip.json
Launching lib/main.dart on 2201116TG in debug mode...
WARNING: Your Android app project: app located at: /home/bquiroga/Documentos/dev/taller/proyecto-final/mobile/android/app/build.gradle.kts
applies the Kotlin Gradle Plugin, which will cause build failures in future versions of Flutter. 
Please migrate your app to Built-in Kotlin using this guide: https://docs.flutter.dev/release/breaking-changes/migrate-to-built-in-kotlin/for-app-developers

WARNING: Your app uses the following plugins that apply Kotlin Gradle Plugin (KGP): file_picker, pdfx, share_plus, wifi_scan
Future versions of Flutter will fail to build if your app uses plugins that apply KGP.

Please check the changelogs of these plugins and upgrade to a version that supports Built-in Kotlin.
If no such version exists, report the issue to the plugin. If necessary, here is a guide on filing 
an issue against a plugin: https://docs.flutter.dev/release/breaking-changes/migrate-to-built-in-kotlin/for-app-developers#report-incompatible-kotlin-gradle-plugin-usage-to-plugin-authors

If you are a plugin author, please migrate your plugin to Built-in Kotlin using this guide: https://docs.flutter.dev/release/breaking-changes/migrate-to-built-in-kotlin/for-plugin-authors
Running Gradle task 'assembleDebug'...                             40,9s
✓ Built build/app/outputs/flutter-apk/app-debug.apk
Installing build/app/outputs/flutter-apk/app-debug.apk...           6,3s
I/FlutterActivityAndFragmentDelegate(21765): If you are attempting to set --enable-dart-profiling via Intent extras to launch a Flutter component outside of using the Flutter CLI, note that support for setting engine flags on Android via Intent will soon be dropped; see https://github.com/flutter/flutter/issues/180686 for more information on this breaking change. To migrate, set --enable-dart-profiling or any other flags specified via Intent extras on the command line instead or see https://github.com/flutter/flutter/blob/main/docs/engine/Flutter-Android-Engine-Flags.md for alternative methods.
D/FlutterJNI(21765): Beginning load of flutter...
D/FlutterJNI(21765): flutter (null) was loaded normally!
I/flutter (21765): [IMPORTANT:flutter/shell/platform/android/android_context_vk_impeller.cc(62)] Using the Impeller rendering backend (Vulkan).
D/FlutterRenderer(21765): Width is zero. 0,0
D/FlutterRenderer(21765): Width is zero. 0,0
D/FlutterJNI(21765): Sending viewport metrics to the engine.
D/FlutterJNI(21765): Sending viewport metrics to the engine.
I/flutter (21765): [IMPORTANT:flutter/shell/platform/android/android_context_vk_impeller.cc(62)] Using the Impeller rendering backend (Vulkan).
I/Choreographer(21765): Skipped 49 frames!  The application may be doing too much work on its main thread.
W/Looper  (21765): PerfMonitor doFrame : time=1ms vsyncFrame=0 latency=830ms procState=-1 historyMsgCount=1 (msgIndex=1 wall=559ms seq=31 late=16ms h=android.os.Handler c=io.flutter.plugins.firebase.messaging.FlutterFirebaseMessagingBackgroundExecutor$$ExternalSyntheticLambda0)
I/FLTFireMsgService(21765): FlutterFirebaseMessagingBackgroundService started!
Syncing files to device 2201116TG...                               329ms

Flutter run key commands.
r Hot reload. 🔥🔥🔥
R Hot restart.
h List all available interactive commands.
d Detach (terminate "flutter run" but leave application running).
c Clear the screen
q Quit (terminate the application on the device).

A Dart VM Service on 2201116TG is available at: http://127.0.0.1:34963/YGUpfLBpJbE=/
The Flutter DevTools debugger and profiler on 2201116TG is available at:
http://127.0.0.1:34963/YGUpfLBpJbE=/devtools/?uri=ws://127.0.0.1:34963/YGUpfLBpJbE=/ws
W/libc    (21765): Access denied finding property "persist.vendor.debug.gpud.enable"
E/tech.heatmapper(21765): FI open fail: No such file or directory
W/libc    (21765): Access denied finding property "ro.vendor.display.iris_x7.support"
I/gralloc4(21765): @set_metadata: update dataspace from GM (0x08010000 -> 0x00000000)
W/libc    (21765): Access denied finding property "ro.vendor.display.iris_x7.support"
D/BLASTBufferQueue(21765): [SurfaceView[com.bulldogtech.heatmapper/com.bulldogtech.heatmapper.MainActivity]#1](f:0,a:1) acquireNextBufferLocked size=1080x2270 mFrameNumber=1 applyTransaction=true mTimestamp=377716486200819(auto) mPendingTransactions.size=0 graphicBufferId=93479963197450 transform=0
I/Choreographer(21765): Skipped 93 frames!  The application may be doing too much work on its main thread.
W/Looper  (21765): PerfMonitor doFrame : time=1ms vsyncFrame=0 latency=1554ms procState=-1
I/gralloc4(21765): @set_metadata: update dataspace from GM (0x08010000 -> 0x00000000)
D/VRI[MainActivity](21765): vri.Setup new sync id=0 syncSeqId=0
I/gralloc4(21765): @set_metadata: update dataspace from GM (0x08010000 -> 0x00000000)
D/tech.heatmapper(21765): MiuiProcessManagerServiceStub setSchedFifo
I/MiuiProcessManagerImpl(21765): setSchedFifo pid:21765, mode:3
W/libc    (21765): Access denied finding property "ro.vendor.display.iris_x7.support"
E/libEGL  (21765): pre_cache appList: com.android.contacts,com.android.mms,com.android.settings,com.mi.android.globalFileexplorer,com.android.thememanager,com.miui.videoplayer,com.miui.weather2,com.xiaomi.calendar,com.miui.notes,com.miui.gallery,com.miui.securitycenter
D/BLASTBufferQueue(21765): [VRI[MainActivity]#0](f:0,a:1) acquireNextBufferLocked size=1080x2400 mFrameNumber=1 applyTransaction=true mTimestamp=377716883497358(auto) mPendingTransactions.size=0 graphicBufferId=93479963197458 transform=0
W/Parcel  (21765): Expecting binder but got null!
W/Looper  (21765): PerfMonitor doFrame : time=33ms vsyncFrame=0 latency=302ms procState=-1 historyMsgCount=6
D/VRI[MainActivity](21765): vri.reportDrawFinished syncSeqId=0 android.view.ViewRootImpl.lambda$createSyncIfNeeded$4$android-view-ViewRootImpl:4021 android.view.ViewRootImpl$$ExternalSyntheticLambda1.run:6 android.os.Handler.handleCallback:942 android.os.Handler.dispatchMessage:99 android.os.Looper.loopOnce:211 
I/gralloc4(21765): @set_metadata: update dataspace from GM (0x08010000 -> 0x00000000)
D/DecorView[](21765): onWindowFocusChanged hasWindowFocus true
I/HandWritingStubImpl(21765): refreshLastKeyboardType: 1
I/HandWritingStubImpl(21765): getCurrentKeyboardType: 1
I/gralloc4(21765): @set_metadata: update dataspace from GM (0x08010000 -> 0x00000000)
I/HandWritingStubImpl(21765): getCurrentKeyboardType: 1
I/gralloc4(21765): @set_metadata: update dataspace from GM (0x08010000 -> 0x00000000)
I/gralloc4(21765): @set_metadata: update dataspace from GM (0x08010000 -> 0x00000000)
D/FlutterJNI(21765): Sending viewport metrics to the engine.
I/gralloc4(21765): @set_metadata: update dataspace from GM (0x08010000 -> 0x00000000)
W/OnBackInvokedCallback(21765): OnBackInvokedCallback is not enabled for the application.
W/OnBackInvokedCallback(21765): Set 'android:enableOnBackInvokedCallback="true"' in the application manifest.
W/libc    (21765): Access denied finding property "ro.vendor.display.iris_x7.support"
D/ProfileInstaller(21765): Installing profile for com.bulldogtech.heatmapper
W/MirrorManager(21765): this model don't Support
D/DecorView[](21765): onWindowFocusChanged hasWindowFocus false