$ flutter run
Launching lib/main.dart on 2201116TG in debug mode...
Running Gradle task 'assembleDebug'...                             13,0s
✓ Built build/app/outputs/flutter-apk/app-debug.apk
Installing build/app/outputs/flutter-apk/app-debug.apk...           5,6s
D/FlutterJNI(13102): Beginning load of flutter...
D/FlutterJNI(13102): flutter (null) was loaded normally!
I/flutter (13102): [IMPORTANT:flutter/shell/platform/android/android_context_vk_impeller.cc(62)] Using the Impeller rendering backend (Vulkan).
D/FlutterRenderer(13102): Width is zero. 0,0
Syncing files to device 2201116TG...                               132ms

Flutter run key commands.
r Hot reload. 🔥🔥🔥
R Hot restart.
h List all available interactive commands.
d Detach (terminate "flutter run" but leave application running).
c Clear the screen
q Quit (terminate the application on the device).

A Dart VM Service on 2201116TG is available at: http://127.0.0.1:45687/iVKQee-flL4=/
The Flutter DevTools debugger and profiler on 2201116TG is available at:
http://127.0.0.1:45687/iVKQee-flL4=/devtools/?uri=ws://127.0.0.1:45687/iVKQee-flL4=/ws
W/Looper  (13102): PerfMonitor looperActivity : package=com.bulldogtech.heatmapper/.MainActivity time=1ms latency=3864ms  procState=-1  historyMsgCount=2 (msgIndex=2 wall=1565ms seq=4 late=264ms h=android.app.ActivityThread$H w=159)
D/FramePredict(13102): FramePredict init: false
I/Choreographer(13102): Skipped 230 frames!  The application may be doing too much work on its main thread.
D/FlutterRenderer(13102): Width is zero. 0,0
D/BufferQueueConsumer(13102): [](id:332e00000000,api:0,p:-1,c:13102) connect: controlledByApp=false
D/libMEOW (13102): meow new tls: 0xb400007dec411e00
D/libMEOW (13102): applied 1 plugins for [com.bulldogtech.heatmapper]:
D/libMEOW (13102):   plugin 1: [libMEOW_gift.so]: 0xb400007e66471840
D/libMEOW (13102): rebuild call chain: 0xb400007dec4e17c0
D/FlutterJNI(13102): Sending viewport metrics to the engine.
D/VRI[MainActivity](13102): vri.reportNextDraw android.view.ViewRootImpl.performTraversals:3953 android.view.ViewRootImpl.doTraversal:2674 android.view.ViewRootImpl$TraversalRunnable.run:9867 android.view.Choreographer$CallbackRecord.run:1431 android.view.Choreographer$CallbackRecord.run:1439 
D/SurfaceView(13102): UPDATE null, mIsCastMode = false
W/libc    (13102): Access denied finding property "vendor.migl.debug"
E/libMiGL (13102): libmigl:This GPU version is note support Variable Shading Rate
D/BufferQueueConsumer(13102): [](id:332e00000001,api:0,p:-1,c:13102) connect: controlledByApp=false
E/libEGL  (13102): pre_cache appList: com.android.contacts,com.android.mms,com.android.settings,com.mi.android.globalFileexplorer,com.android.thememanager,com.miui.videoplayer,com.miui.weather2,com.xiaomi.calendar,com.miui.notes,com.miui.gallery,com.miui.securitycenter
E/gralloc4(13102): ERROR: Format allocation info not found for format: 38
E/gralloc4(13102): ERROR: Format allocation info not found for format: 0
E/gralloc4(13102): Invalid base format! req_base_format = 0x0, req_format = 0x38, type = 0x0
E/gralloc4(13102): ERROR: Unrecognized and/or unsupported format 0x38 and usage 0xb00
E/Gralloc4(13102): isSupported(1, 1, 56, 1, ...) failed with 5
E/GraphicBufferAllocator(13102): Failed to allocate (4 x 4) layerCount 1 format 56 usage b00: 5
E/AHardwareBuffer(13102): GraphicBuffer(w=4, h=4, lc=1) failed (Unknown error -5), handle=0x0
E/gralloc4(13102): ERROR: Format allocation info not found for format: 38
E/gralloc4(13102): ERROR: Format allocation info not found for format: 0
E/gralloc4(13102): Invalid base format! req_base_format = 0x0, req_format = 0x38, type = 0x0
E/gralloc4(13102): ERROR: Unrecognized and/or unsupported format 0x38 and usage 0xb00
E/Gralloc4(13102): isSupported(1, 1, 56, 1, ...) failed with 5
E/GraphicBufferAllocator(13102): Failed to allocate (4 x 4) layerCount 1 format 56 usage b00: 5
E/AHardwareBuffer(13102): GraphicBuffer(w=4, h=4, lc=1) failed (Unknown error -5), handle=0x0
W/libc    (13102): Access denied finding property "ro.vendor.magt.mtk_magt_support"
D/hw-ProcessState(13102): Binder ioctl to enable oneway spam detection failed: Invalid argument
I/tech.heatmapper(13102): Compiler allocated 5101KB to compile void android.view.ViewRootImpl.performTraversals()
W/Looper  (13102): PerfMonitor doFrame : time=117ms vsyncFrame=0 latency=3839ms procState=-1 historyMsgCount=3 (msgIndex=1 wall=1565ms seq=4 late=264ms h=android.app.ActivityThread$H w=159)
D/SurfaceView(13102): UPDATE Surface(name=SurfaceView[com.bulldogtech.heatmapper/com.bulldogtech.heatmapper.MainActivity])/@0x2396802, mIsProjectionMode = false
D/FlutterJNI(13102): Sending viewport metrics to the engine.
W/libc    (13102): Access denied finding property "persist.vendor.debug.gpud.enable"
E/tech.heatmapper(13102): FI open fail: No such file or directory
W/libc    (13102): Access denied finding property "ro.vendor.display.iris_x7.support"
I/gralloc4(13102): @set_metadata: update dataspace from GM (0x08010000 -> 0x00000000)
W/libc    (13102): Access denied finding property "ro.vendor.display.iris_x7.support"
D/BLASTBufferQueue(13102): [SurfaceView[com.bulldogtech.heatmapper/com.bulldogtech.heatmapper.MainActivity]#1](f:0,a:1) acquireNextBufferLocked size=1080x2270 mFrameNumber=1 applyTransaction=true mTimestamp=108197640435832(auto) mPendingTransactions.size=0 graphicBufferId=56272661512202 transform=0
I/gralloc4(13102): @set_metadata: update dataspace from GM (0x08010000 -> 0x00000000)
D/VRI[MainActivity](13102): vri.Setup new sync id=0 syncSeqId=0
D/tech.heatmapper(13102): MiuiProcessManagerServiceStub setSchedFifo
I/MiuiProcessManagerImpl(13102): setSchedFifo pid:13102, mode:3
W/libc    (13102): Access denied finding property "ro.vendor.display.iris_x7.support"
E/libEGL  (13102): pre_cache appList: com.android.contacts,com.android.mms,com.android.settings,com.mi.android.globalFileexplorer,com.android.thememanager,com.miui.videoplayer,com.miui.weather2,com.xiaomi.calendar,com.miui.notes,com.miui.gallery,com.miui.securitycenter
D/BLASTBufferQueue(13102): [VRI[MainActivity]#0](f:0,a:1) acquireNextBufferLocked size=1080x2400 mFrameNumber=1 applyTransaction=true mTimestamp=108197675211832(auto) mPendingTransactions.size=0 graphicBufferId=56272661512210 transform=0
W/Parcel  (13102): Expecting binder but got null!
I/gralloc4(13102): @set_metadata: update dataspace from GM (0x08010000 -> 0x00000000)
D/VRI[MainActivity](13102): vri.reportDrawFinished syncSeqId=0 android.view.ViewRootImpl.lambda$createSyncIfNeeded$4$android-view-ViewRootImpl:4021 android.view.ViewRootImpl$$ExternalSyntheticLambda1.run:6 android.os.Handler.handleCallback:942 android.os.Handler.dispatchMessage:99 android.os.Looper.loopOnce:211 
I/gralloc4(13102): @set_metadata: update dataspace from GM (0x08010000 -> 0x00000000)
W/OnBackInvokedCallback(13102): OnBackInvokedCallback is not enabled for the application.
W/OnBackInvokedCallback(13102): Set 'android:enableOnBackInvokedCallback="true"' in the application manifest.
I/gralloc4(13102): @set_metadata: update dataspace from GM (0x08010000 -> 0x00000000)
D/DecorView[](13102): onWindowFocusChanged hasWindowFocus true
I/HandWritingStubImpl(13102): refreshLastKeyboardType: 1
I/HandWritingStubImpl(13102): getCurrentKeyboardType: 1
I/gralloc4(13102): @set_metadata: update dataspace from GM (0x08010000 -> 0x00000000)
I/HandWritingStubImpl(13102): getCurrentKeyboardType: 1
W/libc    (13102): Access denied finding property "ro.vendor.display.iris_x7.support"
I/gralloc4(13102): @set_metadata: update dataspace from GM (0x08010000 -> 0x00000000)
D/FlutterJNI(13102): Sending viewport metrics to the engine.
I/gralloc4(13102): @set_metadata: update dataspace from GM (0x08010000 -> 0x00000000)
W/MirrorManager(13102): this model don't Support
W/OnBackInvokedCallback(13102): OnBackInvokedCallback is not enabled for the application.
W/OnBackInvokedCallback(13102): Set 'android:enableOnBackInvokedCallback="true"' in the application manifest.
D/ProfileInstaller(13102): Installing profile for com.bulldogtech.heatmapper
W/OnBackInvokedCallback(13102): OnBackInvokedCallback is not enabled for the application.
W/OnBackInvokedCallback(13102): Set 'android:enableOnBackInvokedCallback="true"' in the application manifest.
W/OnBackInvokedCallback(13102): OnBackInvokedCallback is not enabled for the application.
W/OnBackInvokedCallback(13102): Set 'android:enableOnBackInvokedCallback="true"' in the application manifest.

══╡ EXCEPTION CAUGHT BY RENDERING LIBRARY ╞═════════════════════════════════════════════════════════
The following assertion was thrown during layout:
A RenderFlex overflowed by 27 pixels on the right.

The relevant error-causing widget was:
  DropdownButtonFormField<APDisponible>
  DropdownButtonFormField:file:///home/bquiroga/Documentos/dev/taller/proyecto-final/mobile/lib/features/heatmap/
  presentation/pages/heatmap_page.dart:368:15

To inspect this widget in Flutter DevTools, visit:
http://127.0.0.1:45687/iVKQee-flL4=/devtools//#/inspector?uri=http%3A%2F%2F127.0.0.1%3A45687%2FiVKQee-flL4%3D%2F&
inspectorRef=inspector-0

The overflowing RenderFlex has an orientation of Axis.horizontal.
The edge of the RenderFlex that is overflowing has been marked in the rendering with a yellow and
black striped pattern. This is usually caused by the contents being too big for the RenderFlex.
Consider applying a flex factor (e.g. using an Expanded widget) to force the children of the
RenderFlex to fit within the available space instead of being sized to their natural size.
This is considered an error condition because it indicates that there is content that cannot be
seen. If the content is legitimately bigger than the available space, consider clipping it with a
ClipRect widget before putting it in the flex, or using a scrollable container rather than a Flex,
like a ListView.
The specific RenderFlex in question is: RenderFlex#34768 OVERFLOWING:
  creator: Row ← Padding ← SizedBox ← DefaultTextStyle ← _Decorator ← InputDecorator ← Listener ←
    _GestureSemantics ← RawGestureDetector ← GestureDetector ← MouseRegion ← Semantics ← ⋯
  parentData: offset=Offset(0.0, 0.0) (can use size)
  constraints: BoxConstraints(w=268.7, h=24.0)
  size: Size(268.7, 24.0)
  direction: horizontal
  mainAxisAlignment: spaceBetween
  mainAxisSize: min
  crossAxisAlignment: center
  textDirection: ltr
  verticalDirection: down
  spacing: 0.0
◢◤◢◤◢◤◢◤◢◤◢◤◢◤◢◤◢◤◢◤◢◤◢◤◢◤◢◤◢◤◢◤◢◤◢◤◢◤◢◤◢◤◢◤◢◤◢◤◢◤◢◤◢◤◢◤◢◤◢◤◢◤◢◤◢◤◢◤◢◤◢◤◢◤◢◤◢◤◢◤◢◤◢◤◢◤◢◤◢◤◢◤◢◤◢◤◢◤◢◤
════════════════════════════════════════════════════════════════════════════════════════════════════

E/LongScreenshotUtils(13102): inLargeScreen false
I/LongScreenshotUtils(13102):  focus:true
I/LongScreenshotUtils(13102): current ratio width:1.0, height:1.0
Another exception was thrown: A RenderFlex overflowed by 27 pixels on the right.
E/LongScreenshotUtils(13102): inLargeScreen false
I/LongScreenshotUtils(13102):  focus:true
I/LongScreenshotUtils(13102): current ratio width:1.0, height:1.0
D/DecorView[](13102): onWindowFocusChanged hasWindowFocus false
D/BLASTBufferQueue(13102): [SurfaceView[com.bulldogtech.heatmapper/com.bulldogtech.heatmapper.MainActivity]#1](f:0,a:4) destructor()
D/BufferQueueConsumer(13102): [SurfaceView[com.bulldogtech.heatmapper/com.bulldogtech.heatmapper.MainActivity]#1(BLAST Consumer)1](id:332e00000001,api:0,p:-1,c:13102) disconnect
D/BLASTBufferQueue(13102): [VRI[MainActivity]#0](f:0,a:3) destructor()
D/BufferQueueConsumer(13102): [VRI[MainActivity]#0(BLAST Consumer)0](id:332e00000000,api:0,p:-1,c:13102) disconnect