nginx-1    | 10.29.23.246 - - [15/Jun/2026:06:02:53 +0000] "GET /api/planos/1/heatmap?algoritmo=IDW&resolucion=128&bssid=fc%3Aae%3A34%3A73%3Ab5%3A76&ap_pos_x=231.63&ap_pos_y=292.24 HTTP/1.1" 500 21 "-" "Dart/3.11 (dart:io)" "-"
backend-1  |   File "/usr/local/lib/python3.12/site-packages/starlette/middleware/errors.py", line 186, in __call__
backend-1  |     raise exc
backend-1  |   File "/usr/local/lib/python3.12/site-packages/starlette/middleware/errors.py", line 164, in __call__
backend-1  |     await self.app(scope, receive, _send)
backend-1  |   File "/usr/local/lib/python3.12/site-packages/starlette/middleware/cors.py", line 88, in __call__
backend-1  |     await self.app(scope, receive, send)
backend-1  |   File "/usr/local/lib/python3.12/site-packages/starlette/middleware/exceptions.py", line 63, in __call__
backend-1  |     await wrap_app_handling_exceptions(self.app, conn)(scope, receive, send)
backend-1  |   File "/usr/local/lib/python3.12/site-packages/starlette/_exception_handler.py", line 53, in wrapped_app
backend-1  |     raise exc
backend-1  |   File "/usr/local/lib/python3.12/site-packages/starlette/_exception_handler.py", line 42, in wrapped_app
backend-1  |     await app(scope, receive, sender)
backend-1  |   File "/usr/local/lib/python3.12/site-packages/fastapi/middleware/asyncexitstack.py", line 18, in __call__
backend-1  |     await self.app(scope, receive, send)
backend-1  |   File "/usr/local/lib/python3.12/site-packages/starlette/routing.py", line 660, in __call__
backend-1  |     await self.middleware_stack(scope, receive, send)
backend-1  |   File "/usr/local/lib/python3.12/site-packages/starlette/routing.py", line 680, in app
backend-1  |     await route.handle(scope, receive, send)
backend-1  |   File "/usr/local/lib/python3.12/site-packages/fastapi/routing.py", line 1574, in handle
backend-1  |     await self.original_router.handle(scope, receive, send)
backend-1  |   File "/usr/local/lib/python3.12/site-packages/fastapi/routing.py", line 2012, in handle
backend-1  |     await included_router._handle_selected(scope, receive, send)
backend-1  |   File "/usr/local/lib/python3.12/site-packages/fastapi/routing.py", line 1585, in _handle_selected
backend-1  |     await route.handle(scope, receive, send)
backend-1  |   File "/usr/local/lib/python3.12/site-packages/fastapi/routing.py", line 1574, in handle
backend-1  |     await self.original_router.handle(scope, receive, send)
backend-1  |   File "/usr/local/lib/python3.12/site-packages/fastapi/routing.py", line 2012, in handle
backend-1  |     await included_router._handle_selected(scope, receive, send)
backend-1  |   File "/usr/local/lib/python3.12/site-packages/fastapi/routing.py", line 1594, in _handle_selected
backend-1  |     await original_route.handle(scope, receive, send)
backend-1  |   File "/usr/local/lib/python3.12/site-packages/fastapi/routing.py", line 1183, in handle
backend-1  |     await app(scope, receive, send)
backend-1  |   File "/usr/local/lib/python3.12/site-packages/fastapi/routing.py", line 143, in app
backend-1  |     await wrap_app_handling_exceptions(app, request)(scope, receive, send)
backend-1  |   File "/usr/local/lib/python3.12/site-packages/starlette/_exception_handler.py", line 53, in wrapped_app
backend-1  |     raise exc
backend-1  |   File "/usr/local/lib/python3.12/site-packages/starlette/_exception_handler.py", line 42, in wrapped_app
backend-1  |     await app(scope, receive, sender)
backend-1  |   File "/usr/local/lib/python3.12/site-packages/fastapi/routing.py", line 129, in app
backend-1  |     response = await f(request)
backend-1  |                ^^^^^^^^^^^^^^^^
backend-1  |   File "/usr/local/lib/python3.12/site-packages/fastapi/routing.py", line 466, in app
backend-1  |     solved_result = await solve_dependencies(
backend-1  |                     ^^^^^^^^^^^^^^^^^^^^^^^^^
backend-1  |   File "/usr/local/lib/python3.12/site-packages/fastapi/dependencies/utils.py", line 688, in solve_dependencies
backend-1  |     query_values, query_errors = request_params_to_args(
backend-1  |                                  ^^^^^^^^^^^^^^^^^^^^^^^
backend-1  |   File "/usr/local/lib/python3.12/site-packages/fastapi/dependencies/utils.py", line 863, in request_params_to_args
backend-1  |     v_, errors_ = _validate_value_with_model_field(
backend-1  |                   ^^^^^^^^^^^^^^^^^^^^^^^^^^^^^^^^^
backend-1  |   File "/usr/local/lib/python3.12/site-packages/fastapi/dependencies/utils.py", line 746, in _validate_value_with_model_field
backend-1  |     return field.validate(value, values, loc=loc)
backend-1  |            ^^^^^^^^^^^^^^^^^^^^^^^^^^^^^^^^^^^^^^
backend-1  |   File "/usr/local/lib/python3.12/site-packages/fastapi/_compat/v2.py", line 182, in validate
backend-1  |     self._type_adapter.validate_python(value, from_attributes=True),
backend-1  |     ^^^^^^^^^^^^^^^^^^^^^^^^^^^^^^^^^^^^^^^^^^^^^^^^^^^^^^^^^^^^^^^
backend-1  |   File "/usr/local/lib/python3.12/site-packages/pydantic/type_adapter.py", line 441, in validate_python
backend-1  |     return self.validator.validate_python(
backend-1  |            ^^^^^^^^^^^^^^^^^^^^^^^^^^^^^^^
backend-1  |   File "/usr/local/lib/python3.12/site-packages/pydantic/_internal/_validators.py", line 290, in greater_than_or_equal_validator
backend-1  |     raise TypeError(f"Unable to apply constraint 'ge' to supplied value {x}")
backend-1  | TypeError: Unable to apply constraint 'ge' to supplied value [231.63]